<?xml version="1.0" encoding="UTF-8" ?>
<testsuite tests="10" failures="0" name="Calculator.Converter.ConverterTest" time="0.004" errors="0" skipped="0">
  <properties>
    <property name="java.runtime.name" value="Java(TM) SE Runtime Environment"/>
    <property name="java.vm.version" value="11.0.12+8-LTS-237"/>
    <property name="sun.boot.library.path" value="C:\Program Files\Java\jdk-11.0.12\bin"/>
    <property name="maven.multiModuleProjectDirectory" value="C:\Users\mehta\OneDrive - iiit-b\sem2\spe\Projects\My project\temp\Advanced_calculator"/>
    <property name="java.vm.vendor" value="Oracle Corporation"/>
    <property name="java.vendor.url" value="https://openjdk.java.net/"/>
    <property name="guice.disable.misplaced.annotation.check" value="true"/>
    <property name="path.separator" value=";"/>
    <property name="java.vm.name" value="Java HotSpot(TM) 64-Bit Server VM"/>
    <property name="sun.os.patch.level" value=""/>
    <property name="user.script" value=""/>
    <property name="user.country" value="IN"/>
    <property name="sun.java.launcher" value="SUN_STANDARD"/>
    <property name="java.vm.specification.name" value="Java Virtual Machine Specification"/>
    <property name="user.dir" value="C:\Users\mehta\OneDrive - iiit-b\sem2\spe\Projects\My project\temp\Advanced_calculator"/>
    <property name="java.vm.compressedOopsMode" value="Zero based"/>
    <property name="java.runtime.version" value="11.0.12+8-LTS-237"/>
    <property name="java.awt.graphicsenv" value="sun.awt.Win32GraphicsEnvironment"/>
    <property name="os.arch" value="amd64"/>
    <property name="java.io.tmpdir" value="C:\Users\mehta\AppData\Local\Temp\"/>
    <property name="line.separator" value="
"/>
    <property name="java.vm.specification.vendor" value="Oracle Corporation"/>
    <property name="user.variant" value=""/>
    <property name="os.name" value="Windows 10"/>
    <property name="classworlds.conf" value="C:\devsetup\maven\apache-maven-3.8.4\bin\m2.conf"/>
    <property name="sun.jnu.encoding" value="Cp1252"/>
    <property name="java.library.path" value="C:\Program Files\Java\jdk-11.0.12\bin;C:\WINDOWS\Sun\Java\bin;C:\WINDOWS\system32;C:\WINDOWS;C:\Python310\Scripts\;C:\Python310\;C:\Program Files\Common Files\Oracle\Java\javapath;C:\WINDOWS\system32;C:\WINDOWS;C:\WINDOWS\System32\Wbem;C:\WINDOWS\System32\WindowsPowerShell\v1.0\;C:\WINDOWS\System32\OpenSSH\;C:\Program Files\wkhtmltopdf\bin;C:\Program Files\MySQL\MySQL Server 8.0\bin;C:\MinGW\bin;C:\Program Files\Git\cmd;C:\Program Files\Java\jdk-11.0.12\bin;C:\Program Files\nodejs\;C:\ProgramData\chocolatey\bin;C:\Program Files\MySQL\MySQL Shell 8.0\bin\;C:\Users\mehta\anaconda3;C:\Users\mehta\anaconda3\Library\mingw-w64\bin;C:\Users\mehta\anaconda3\Library\usr\bin;C:\Users\mehta\anaconda3\Library\bin;C:\Users\mehta\anaconda3\Scripts;C:\Users\mehta\AppData\Local\Microsoft\WindowsApps;C:\ProgramData\mehta\GitHubDesktop\bin;C:\Users\mehta\AppData\Local\Programs\Microsoft VS Code\bin;C:\devsetup\maven\apache-maven-3.8.4\bin;C:\Program Files\JetBrains\IntelliJ IDEA 2021.3.3\bin;C:\Users\mehta\AppData\Roaming\npm;."/>
    <property name="maven.conf" value="C:\devsetup\maven\apache-maven-3.8.4/conf"/>
    <property name="jdk.debug" value="release"/>
    <property name="java.class.version" value="55.0"/>
    <property name="java.specification.name" value="Java Platform API Specification"/>
    <property name="sun.management.compiler" value="HotSpot 64-Bit Tiered Compilers"/>
    <property name="os.version" value="10.0"/>
    <property name="library.jansi.path" value="C:\devsetup\maven\apache-maven-3.8.4\lib\jansi-native"/>
    <property name="user.home" value="C:\Users\mehta"/>
    <property name="user.timezone" value="Asia/Calcutta"/>
    <property name="java.awt.printerjob" value="sun.awt.windows.WPrinterJob"/>
    <property name="file.encoding" value="Cp1252"/>
    <property name="java.specification.version" value="11"/>
    <property name="user.name" value="mehta"/>
    <property name="java.class.path" value="C:\devsetup\maven\apache-maven-3.8.4\boot\plexus-classworlds-2.6.0.jar"/>
    <property name="java.vm.specification.version" value="11"/>
    <property name="sun.arch.data.model" value="64"/>
    <property name="sun.java.command" value="org.codehaus.plexus.classworlds.launcher.Launcher clean test"/>
    <property name="java.home" value="C:\Program Files\Java\jdk-11.0.12"/>
    <property name="user.language" value="en"/>
    <property name="java.specification.vendor" value="Oracle Corporation"/>
    <property name="awt.toolkit" value="sun.awt.windows.WToolkit"/>
    <property name="java.vm.info" value="mixed mode"/>
    <property name="java.version" value="11.0.12"/>
    <property name="java.vendor" value="Oracle Corporation"/>
    <property name="sun.stderr.encoding" value="cp437"/>
    <property name="maven.home" value="C:\devsetup\maven\apache-maven-3.8.4"/>
    <property name="file.separator" value="\"/>
    <property name="java.version.date" value="2021-07-20"/>
    <property name="java.vendor.url.bug" value="https://bugreport.java.com/bugreport/"/>
    <property name="sun.io.unicode.encoding" value="UnicodeLittle"/>
    <property name="sun.cpu.endian" value="little"/>
    <property name="java.vendor.version" value="18.9"/>
    <property name="sun.stdout.encoding" value="cp437"/>
    <property name="sun.desktop" value="windows"/>
    <property name="sun.cpu.isalist" value="amd64"/>
  </properties>
  <testcase classname="Calculator.Converter.ConverterTest" name="dirhumToInr" time="0.003"/>
  <testcase classname="Calculator.Converter.ConverterTest" name="inrToDirhum" time="0"/>
  <testcase classname="Calculator.Converter.ConverterTest" name="yenToInr" time="0"/>
  <testcase classname="Calculator.Converter.ConverterTest" name="usdToInr" time="0"/>
  <testcase classname="Calculator.Converter.ConverterTest" name="poundToInr" time="0"/>
  <testcase classname="Calculator.Converter.ConverterTest" name="inrToUsd" time="0"/>
  <testcase classname="Calculator.Converter.ConverterTest" name="inrToYen" time="0"/>
  <testcase classname="Calculator.Converter.ConverterTest" name="inrToPound" time="0"/>
  <testcase classname="Calculator.Converter.ConverterTest" name="inrToRuble" time="0"/>
  <testcase classname="Calculator.Converter.ConverterTest" name="rubleToInr" time="0.001"/>
</testsuite>